#
# There is insufficient memory for the Java Runtime Environment to continue.
# Native memory allocation (malloc) failed to allocate 1504400 bytes for Chunk::new
# Possible reasons:
#   The system is out of physical RAM or swap space
#   In 32 bit mode, the process size limit was hit
# Possible solutions:
#   Reduce memory load on the system
#   Increase physical memory or swap space
#   Check if swap backing store is full
#   Use 64 bit Java on a 64 bit OS
#   Decrease Java heap size (-Xmx/-Xms)
#   Decrease number of Java threads
#   Decrease Java thread stack sizes (-Xss)
#   Set larger code cache with -XX:ReservedCodeCacheSize=
# This output file may be truncated or incomplete.
#
#  Out of Memory Error (allocation.cpp:390), pid=5060, tid=0x0000000000001270
#
# JRE version: OpenJDK Runtime Environment (8.0_112-b06) (build 1.8.0_112-release-b06)
# Java VM: OpenJDK 64-Bit Server VM (25.112-b06 mixed mode windows-amd64 compressed oops)
# Failed to write core dump. Minidumps are not enabled by default on client versions of Windows
#

---------------  T H R E A D  ---------------

Current thread (0x00000000579a0800):  JavaThread "C2 CompilerThread1" daemon [_thread_in_native, id=4720, stack(0x0000000058100000,0x0000000058200000)]

Stack: [0x0000000058100000,0x0000000058200000]
[error occurred during error reporting (printing stack bounds), id 0xc0000005]

Native frames: (J=compiled Java code, j=interpreted, Vv=VM code, C=native code)


Current CompileTask:
C2:  29903 5186   !   4       com.sun.beans.TypeResolver::resolve (274 bytes)


---------------  P R O C E S S  ---------------

Java Threads: ( => current thread )
  0x0000000059ffb000 JavaThread "File lock request listener" [_thread_in_native, id=5952, stack(0x0000000060dd0000,0x0000000060ed0000)]
  0x00000000598f5000 JavaThread "Stdin handler" [_thread_blocked, id=1608, stack(0x000000005bee0000,0x000000005bfe0000)]
  0x0000000059a06800 JavaThread "Asynchronous log dispatcher for DefaultDaemonConnection: socket connection from /127.0.0.1:52931 to /127.0.0.1:52932" [_thread_blocked, id=4800, stack(0x000000005bdc0000,0x000000005bec0000)]
  0x00000000597fa800 JavaThread "Daemon worker" [_thread_in_Java, id=2856, stack(0x000000005b6b0000,0x000000005b7b0000)]
  0x00000000597f9800 JavaThread "Cancel handler" [_thread_blocked, id=5092, stack(0x000000005b8c0000,0x000000005b9c0000)]
  0x00000000598fc000 JavaThread "pool-1-thread-1" [_thread_blocked, id=4232, stack(0x000000005bbc0000,0x000000005bcc0000)]
  0x000000005995e800 JavaThread "Handler for socket connection from /127.0.0.1:52931 to /127.0.0.1:52932" [_thread_in_native, id=2548, stack(0x000000005ba30000,0x000000005bb30000)]
  0x00000000593d5000 JavaThread "Daemon" [_thread_blocked, id=3264, stack(0x000000005b7c0000,0x000000005b8c0000)]
  0x0000000059743800 JavaThread "Incoming local TCP Connector on port 52931" [_thread_in_native, id=3284, stack(0x000000005b390000,0x000000005b490000)]
  0x0000000057a1b800 JavaThread "Service Thread" daemon [_thread_blocked, id=5832, stack(0x0000000058410000,0x0000000058510000)]
  0x00000000579a1800 JavaThread "C1 CompilerThread2" daemon [_thread_in_native, id=4668, stack(0x00000000582f0000,0x00000000583f0000)]
=>0x00000000579a0800 JavaThread "C2 CompilerThread1" daemon [_thread_in_native, id=4720, stack(0x0000000058100000,0x0000000058200000)]
  0x00000000564fd000 JavaThread "C2 CompilerThread0" daemon [_thread_in_native, id=4504, stack(0x0000000057fd0000,0x00000000580d0000)]
  0x000000005798a000 JavaThread "Attach Listener" daemon [_thread_blocked, id=4360, stack(0x0000000057470000,0x0000000057570000)]
  0x0000000057988800 JavaThread "Signal Dispatcher" daemon [_thread_blocked, id=5488, stack(0x0000000057e60000,0x0000000057f60000)]
  0x00000000564d8000 JavaThread "Finalizer" daemon [_thread_blocked, id=5696, stack(0x0000000057880000,0x0000000057980000)]
  0x0000000056491000 JavaThread "Reference Handler" daemon [_thread_blocked, id=5976, stack(0x0000000057760000,0x0000000057860000)]
  0x000000000014e800 JavaThread "main" [_thread_blocked, id=232, stack(0x00000000028e0000,0x00000000029e0000)]

Other Threads:
  0x0000000056489800 VMThread [stack: 0x0000000057580000,0x0000000057680000] [id=5536]
  0x0000000057a24800 WatcherThread [stack: 0x0000000058570000,0x0000000058670000] [id=2276]

VM state:not at safepoint (normal execution)

VM Mutex/Monitor currently owned by a thread: None

Heap:
 PSYoungGen      total 138240K, used 52015K [0x00000000e0000000, 0x00000000ece00000, 0x0000000100000000)
  eden space 125440K, 31% used [0x00000000e0000000,0x00000000e2651ce8,0x00000000e7a80000)
  from space 12800K, 99% used [0x00000000e7a80000,0x00000000e86f9f88,0x00000000e8700000)
  to   space 10752K, 0% used [0x00000000e8700000,0x00000000e8700000,0x00000000e9180000)
 ParOldGen       total 73728K, used 15624K [0x00000000a0000000, 0x00000000a4800000, 0x00000000e0000000)
  object space 73728K, 21% used [0x00000000a0000000,0x00000000a0f421c8,0x00000000a4800000)
 Metaspace       used 46124K, capacity 47396K, committed 47488K, reserved 1089536K
  class space    used 6231K, capacity 6525K, committed 6528K, reserved 1048576K

Card table byte_map: [0x0000000011da0000,0x00000000120b0000] byte_map_base: 0x00000000118a0000

Marking Bits: (ParMarkBitMap*) 0x000000006f2f18f0
 Begin Bits: [0x0000000012800000, 0x0000000014000000)
 End Bits:   [0x0000000014000000, 0x0000000015800000)

Polling page: 0x0000000000130000

CodeCache: size=245760Kb used=18387Kb max_used=18387Kb free=227372Kb
 bounds [0x00000000029e0000, 0x0000000003bf0000, 0x00000000119e0000]
 total_blobs=5811 nmethods=5065 adapters=658
 compilation: enabled

Compilation events (10 events):
Event: 29.869 Thread 0x00000000579a1800 nmethod 5377 0x0000000003bd8d50 code [0x0000000003bd8fe0, 0x0000000003bda298]
Event: 29.879 Thread 0x00000000579a1800 5381   !   3       org.gradle.api.internal.ClassGeneratorBackedInstantiator::newInstance (40 bytes)
Event: 29.882 Thread 0x00000000579a1800 nmethod 5381 0x0000000003bdad50 code [0x0000000003bdb1c0, 0x0000000003bdf178]
Event: 29.883 Thread 0x00000000579a1800 5383       3       com.google.common.collect.ImmutableSet::builder (8 bytes)
Event: 29.883 Thread 0x00000000579a1800 nmethod 5383 0x0000000003be1010 code [0x0000000003be11a0, 0x0000000003be1608]
Event: 29.883 Thread 0x00000000579a1800 5382       3       org.gradle.util.Path::child (47 bytes)
Event: 29.884 Thread 0x00000000579a1800 nmethod 5382 0x0000000003be1850 code [0x0000000003be1a00, 0x0000000003be1ff8]
Event: 29.887 Thread 0x00000000579a1800 5385       3       java.util.TreeMap$Values::size (8 bytes)
Event: 29.887 Thread 0x00000000579a1800 nmethod 5385 0x0000000003bbe7d0 code [0x0000000003bbe920, 0x0000000003bbeab0]
Event: 29.894 Thread 0x00000000579a1800 5387       1       com.google.common.cache.LocalCache$StrongEntry::getKey (5 bytes)

GC Heap History (10 events):
Event: 6.032 GC heap before
{Heap before GC invocations=5 (full 1):
 PSYoungGen      total 71680K, used 66560K [0x00000000e0000000, 0x00000000e8c00000, 0x0000000100000000)
  eden space 66560K, 100% used [0x00000000e0000000,0x00000000e4100000,0x00000000e4100000)
  from space 5120K, 0% used [0x00000000e4100000,0x00000000e4100000,0x00000000e4600000)
  to   space 5120K, 0% used [0x00000000e8700000,0x00000000e8700000,0x00000000e8c00000)
 ParOldGen       total 73728K, used 12540K [0x00000000a0000000, 0x00000000a4800000, 0x00000000e0000000)
  object space 73728K, 17% used [0x00000000a0000000,0x00000000a0c3f288,0x00000000a4800000)
 Metaspace       used 26072K, capacity 26508K, committed 26752K, reserved 1073152K
  class space    used 3580K, capacity 3697K, committed 3712K, reserved 1048576K
Event: 6.042 GC heap after
Heap after GC invocations=5 (full 1):
 PSYoungGen      total 97280K, used 5105K [0x00000000e0000000, 0x00000000e8c00000, 0x0000000100000000)
  eden space 92160K, 0% used [0x00000000e0000000,0x00000000e0000000,0x00000000e5a00000)
  from space 5120K, 99% used [0x00000000e8700000,0x00000000e8bfc4d8,0x00000000e8c00000)
  to   space 5120K, 0% used [0x00000000e8200000,0x00000000e8200000,0x00000000e8700000)
 ParOldGen       total 73728K, used 15418K [0x00000000a0000000, 0x00000000a4800000, 0x00000000e0000000)
  object space 73728K, 20% used [0x00000000a0000000,0x00000000a0f0ebf8,0x00000000a4800000)
 Metaspace       used 26072K, capacity 26508K, committed 26752K, reserved 1073152K
  class space    used 3580K, capacity 3697K, committed 3712K, reserved 1048576K
}
Event: 23.459 GC heap before
{Heap before GC invocations=6 (full 1):
 PSYoungGen      total 97280K, used 97265K [0x00000000e0000000, 0x00000000e8c00000, 0x0000000100000000)
  eden space 92160K, 100% used [0x00000000e0000000,0x00000000e5a00000,0x00000000e5a00000)
  from space 5120K, 99% used [0x00000000e8700000,0x00000000e8bfc4d8,0x00000000e8c00000)
  to   space 5120K, 0% used [0x00000000e8200000,0x00000000e8200000,0x00000000e8700000)
 ParOldGen       total 73728K, used 15418K [0x00000000a0000000, 0x00000000a4800000, 0x00000000e0000000)
  object space 73728K, 20% used [0x00000000a0000000,0x00000000a0f0ebf8,0x00000000a4800000)
 Metaspace       used 33083K, capacity 33582K, committed 33792K, reserved 1079296K
  class space    used 4406K, capacity 4547K, committed 4608K, reserved 1048576K
Event: 23.477 GC heap after
Heap after GC invocations=6 (full 1):
 PSYoungGen      total 127488K, used 5114K [0x00000000e0000000, 0x00000000e9180000, 0x0000000100000000)
  eden space 122368K, 0% used [0x00000000e0000000,0x00000000e0000000,0x00000000e7780000)
  from space 5120K, 99% used [0x00000000e8200000,0x00000000e86fe970,0x00000000e8700000)
  to   space 10752K, 0% used [0x00000000e8700000,0x00000000e8700000,0x00000000e9180000)
 ParOldGen       total 73728K, used 20735K [0x00000000a0000000, 0x00000000a4800000, 0x00000000e0000000)
  object space 73728K, 28% used [0x00000000a0000000,0x00000000a143fda0,0x00000000a4800000)
 Metaspace       used 33083K, capacity 33582K, committed 33792K, reserved 1079296K
  class space    used 4406K, capacity 4547K, committed 4608K, reserved 1048576K
}
Event: 24.056 GC heap before
{Heap before GC invocations=7 (full 1):
 PSYoungGen      total 127488K, used 49866K [0x00000000e0000000, 0x00000000e9180000, 0x0000000100000000)
  eden space 122368K, 36% used [0x00000000e0000000,0x00000000e2bb3ee8,0x00000000e7780000)
  from space 5120K, 99% used [0x00000000e8200000,0x00000000e86fe970,0x00000000e8700000)
  to   space 10752K, 0% used [0x00000000e8700000,0x00000000e8700000,0x00000000e9180000)
 ParOldGen       total 73728K, used 20735K [0x00000000a0000000, 0x00000000a4800000, 0x00000000e0000000)
  object space 73728K, 28% used [0x00000000a0000000,0x00000000a143fda0,0x00000000a4800000)
 Metaspace       used 34770K, capacity 35348K, committed 35496K, reserved 1079296K
  class space    used 4630K, capacity 4814K, committed 4864K, reserved 1048576K
Event: 24.098 GC heap after
Heap after GC invocations=7 (full 1):
 PSYoungGen      total 136192K, used 7872K [0x00000000e0000000, 0x00000000ece00000, 0x0000000100000000)
  eden space 125440K, 0% used [0x00000000e0000000,0x00000000e0000000,0x00000000e7a80000)
  from space 10752K, 73% used [0x00000000e8700000,0x00000000e8eb0090,0x00000000e9180000)
  to   space 12800K, 0% used [0x00000000e7a80000,0x00000000e7a80000,0x00000000e8700000)
 ParOldGen       total 73728K, used 20743K [0x00000000a0000000, 0x00000000a4800000, 0x00000000e0000000)
  object space 73728K, 28% used [0x00000000a0000000,0x00000000a1441da0,0x00000000a4800000)
 Metaspace       used 34770K, capacity 35348K, committed 35496K, reserved 1079296K
  class space    used 4630K, capacity 4814K, committed 4864K, reserved 1048576K
}
Event: 24.098 GC heap before
{Heap before GC invocations=8 (full 2):
 PSYoungGen      total 136192K, used 7872K [0x00000000e0000000, 0x00000000ece00000, 0x0000000100000000)
  eden space 125440K, 0% used [0x00000000e0000000,0x00000000e0000000,0x00000000e7a80000)
  from space 10752K, 73% used [0x00000000e8700000,0x00000000e8eb0090,0x00000000e9180000)
  to   space 12800K, 0% used [0x00000000e7a80000,0x00000000e7a80000,0x00000000e8700000)
 ParOldGen       total 73728K, used 20743K [0x00000000a0000000, 0x00000000a4800000, 0x00000000e0000000)
  object space 73728K, 28% used [0x00000000a0000000,0x00000000a1441da0,0x00000000a4800000)
 Metaspace       used 34770K, capacity 35348K, committed 35496K, reserved 1079296K
  class space    used 4630K, capacity 4814K, committed 4864K, reserved 1048576K
Event: 24.259 GC heap after
Heap after GC invocations=8 (full 2):
 PSYoungGen      total 136192K, used 0K [0x00000000e0000000, 0x00000000ece00000, 0x0000000100000000)
  eden space 125440K, 0% used [0x00000000e0000000,0x00000000e0000000,0x00000000e7a80000)
  from space 10752K, 0% used [0x00000000e8700000,0x00000000e8700000,0x00000000e9180000)
  to   space 12800K, 0% used [0x00000000e7a80000,0x00000000e7a80000,0x00000000e8700000)
 ParOldGen       total 73728K, used 15546K [0x00000000a0000000, 0x00000000a4800000, 0x00000000e0000000)
  object space 73728K, 21% used [0x00000000a0000000,0x00000000a0f2eb20,0x00000000a4800000)
 Metaspace       used 34770K, capacity 35348K, committed 35496K, reserved 1079296K
  class space    used 4630K, capacity 4814K, committed 4864K, reserved 1048576K
}
Event: 29.169 GC heap before
{Heap before GC invocations=9 (full 2):
 PSYoungGen      total 136192K, used 125440K [0x00000000e0000000, 0x00000000ece00000, 0x0000000100000000)
  eden space 125440K, 100% used [0x00000000e0000000,0x00000000e7a80000,0x00000000e7a80000)
  from space 10752K, 0% used [0x00000000e8700000,0x00000000e8700000,0x00000000e9180000)
  to   space 12800K, 0% used [0x00000000e7a80000,0x00000000e7a80000,0x00000000e8700000)
 ParOldGen       total 73728K, used 15546K [0x00000000a0000000, 0x00000000a4800000, 0x00000000e0000000)
  object space 73728K, 21% used [0x00000000a0000000,0x00000000a0f2eb20,0x00000000a4800000)
 Metaspace       used 44451K, capacity 45374K, committed 45696K, reserved 1089536K
  class space    used 5945K, capacity 6196K, committed 6272K, reserved 1048576K
Event: 29.184 GC heap after
Heap after GC invocations=9 (full 2):
 PSYoungGen      total 138240K, used 12775K [0x00000000e0000000, 0x00000000ece00000, 0x0000000100000000)
  eden space 125440K, 0% used [0x00000000e0000000,0x00000000e0000000,0x00000000e7a80000)
  from space 12800K, 99% used [0x00000000e7a80000,0x00000000e86f9f88,0x00000000e8700000)
  to   space 10752K, 0% used [0x00000000e8700000,0x00000000e8700000,0x00000000e9180000)
 ParOldGen       total 73728K, used 15624K [0x00000000a0000000, 0x00000000a4800000, 0x00000000e0000000)
  object space 73728K, 21% used [0x00000000a0000000,0x00000000a0f421c8,0x00000000a4800000)
 Metaspace       used 44451K, capacity 45374K, committed 45696K, reserved 1089536K
  class space    used 5945K, capacity 6196K, committed 6272K, reserved 1048576K
}

Deoptimization events (10 events):
Event: 26.601 Thread 0x00000000597fa800 Uncommon trap: reason=bimorphic action=maybe_recompile pc=0x00000000034c4148 method=com.sun.org.apache.xerces.internal.impl.XMLEntityManager$RewindableInputStream.read([BII)I @ 89
Event: 26.719 Thread 0x00000000597fa800 Uncommon trap: reason=unstable_if action=reinterpret pc=0x000000000335f6c4 method=java.lang.Integer.parseInt(Ljava/lang/String;I)I @ 197
Event: 27.205 Thread 0x00000000597fa800 Uncommon trap: reason=unstable_if action=reinterpret pc=0x0000000002b56aa8 method=java.util.regex.Pattern$BitClass.isSatisfiedBy(I)Z @ 4
Event: 27.205 Thread 0x00000000597fa800 Uncommon trap: reason=unstable_if action=reinterpret pc=0x0000000002ce1a3c method=java.util.regex.Pattern$Ctype.isSatisfiedBy(I)Z @ 4
Event: 28.872 Thread 0x00000000597fa800 Uncommon trap: reason=class_check action=maybe_recompile pc=0x00000000037f706c method=com.google.common.collect.AbstractMapBasedMultimap$WrappedCollection.refreshIfEmpty()V @ 59
Event: 28.872 Thread 0x00000000597fa800 Uncommon trap: reason=class_check action=maybe_recompile pc=0x00000000037f706c method=com.google.common.collect.AbstractMapBasedMultimap$WrappedCollection.refreshIfEmpty()V @ 59
Event: 28.872 Thread 0x00000000597fa800 Uncommon trap: reason=class_check action=maybe_recompile pc=0x00000000037f706c method=com.google.common.collect.AbstractMapBasedMultimap$WrappedCollection.refreshIfEmpty()V @ 59
Event: 28.872 Thread 0x00000000597fa800 Uncommon trap: reason=class_check action=maybe_recompile pc=0x00000000037f706c method=com.google.common.collect.AbstractMapBasedMultimap$WrappedCollection.refreshIfEmpty()V @ 59
Event: 29.719 Thread 0x00000000597fa800 Uncommon trap: reason=unstable_if action=reinterpret pc=0x00000000038e715c method=groovy.lang.MetaClassImpl.isGenericGetMethod(Lgroovy/lang/MetaMethod;)Z @ 10
Event: 29.719 Thread 0x00000000597fa800 Uncommon trap: reason=unstable_if action=reinterpret pc=0x00000000038d5078 method=groovy.lang.MetaClassImpl.isGenericGetMethod(Lgroovy/lang/MetaMethod;)Z @ 10

Internal exceptions (10 events):
Event: 29.842 Thread 0x00000000597fa800 Exception <a 'java/lang/NoSuchMethodError': java.lang.Object.lambda$static$1(Ljava/util/Set;Ljava/util/Set;)Z> (0x00000000e22552f8) thrown at [C:\src\android\AOSP-openjdk\external\jetbrains\jdk\hotspot\src\share\vm\interpreter\linkResolver.cpp, line 582]
Event: 29.843 Thread 0x00000000597fa800 Exception <a 'java/lang/NoSuchMethodError': java.lang.Object.lambda$static$2(Ljava/util/Set;Ljava/util/Set;)Z> (0x00000000e2257a68) thrown at [C:\src\android\AOSP-openjdk\external\jetbrains\jdk\hotspot\src\share\vm\interpreter\linkResolver.cpp, line 582]
Event: 29.868 Thread 0x00000000597fa800 Exception <a 'java/lang/ClassNotFoundException': com/android/build/gradle/internal/tasks/InstallVariantTask_DecoratedBeanInfo> (0x00000000e239e4a0) thrown at [C:\src\android\AOSP-openjdk\external\jetbrains\jdk\hotspot\src\share\vm\classfile\systemDictionar
Event: 29.868 Thread 0x00000000597fa800 Exception <a 'java/lang/ClassNotFoundException': com/android/build/gradle/internal/tasks/InstallVariantTaskBeanInfo> (0x00000000e23b2c38) thrown at [C:\src\android\AOSP-openjdk\external\jetbrains\jdk\hotspot\src\share\vm\classfile\systemDictionary.cpp, linÔP/C~ﬁ=@
Event: 29.869 Thread 0x00000000597fa800 Exception <a 'java/lang/ClassNotFoundException': com/android/build/gradle/internal/tasks/InstallVariantTaskCustomizer> (0x00000000e23c7f18) thrown at [C:\src\android\AOSP-openjdk\external\jetbrains\jdk\hotspot\src\share\vm\classfile\systemDictionary.cpp, lœ	aﬂ=@
Event: 29.871 Thread 0x00000000597fa800 Exception <a 'java/lang/ClassNotFoundException': com/android/build/gradle/internal/tasks/InstallVariantTask_DecoratedCustomizer> (0x00000000e240ce38) thrown at [C:\src\android\AOSP-openjdk\external\jetbrains\jdk\hotspot\src\share\vm\classfile\systemDiction€¢Ûé‚=@
Event: 29.885 Thread 0x00000000597fa800 Exception <a 'java/lang/ClassNotFoundException': com/android/build/gradle/internal/tasks/UninstallTask_DecoratedBeanInfo> (0x00000000e2518248) thrown at [C:\src\android\AOSP-openjdk\external\jetbrains\jdk\hotspot\src\share\vm\classfile\systemDictionary.cpp‚Lt¥∑‚=@
Event: 29.886 Thread 0x00000000597fa800 Exception <a 'java/lang/ClassNotFoundException': com/android/build/gradle/internal/tasks/UninstallTaskBeanInfo> (0x00000000e252c148) thrown at [C:\src\android\AOSP-openjdk\external\jetbrains\jdk\hotspot\src\share\vm\classfile\systemDictionary.cpp, line 210˙ÚÏÑ‡‚=@
Event: 29.886 Thread 0x00000000597fa800 Exception <a 'java/lang/ClassNotFoundException': com/android/build/gradle/internal/tasks/UninstallTaskCustomizer> (0x00000000e2540408) thrown at [C:\src\android\AOSP-openjdk\external\jetbrains\jdk\hotspot\src\share\vm\classfile\systemDictionary.cpp, line 23€ü>„=@
Event: 29.888 Thread 0x00000000597fa800 Exception <a 'java/lang/ClassNotFoundException': com/android/build/gradle/internal/tasks/UninstallTask_DecoratedCustomizer> (0x00000000e256d368) thrown at [C:\src\android\AOSP-openjdk\external\jetbrains\jdk\hotspot\src\share\vm\classfile\systemDictionary.cÅ˘7©•◊=@

Events (10 events):
Event: 29.891 loading class com/android/build/gradle/internal/TaskFactory
Event: 29.891 loading class com/android/build/gradle/internal/TaskFactory done
Event: 29.891 loading class com/android/build/gradle/internal/ApplicationTaskManager
Event: 29.891 loading class com/android/build/gradle/internal/ApplicationTaskManager done
Event: 29.891 loading class com/android/build/gradle/internal/scope/VariantScope
Event: 29.891 loading class com/android/build/gradle/internal/scope/VariantScope done
Event: 29.891 loading class com/android/build/gradle/internal/scope/VariantScope
Event: 29.891 loading class com/android/build/gradle/internal/scope/VariantScope done
Event: 29.892 loading class com/android/build/gradle/tasks/Lint$ConfigAction
Event: 29.892 loading class com/android/build/gradle/tasks/Lint$ConfigAction done


Dynamic libraries:
0x000000013f3b0000 - 0x000000013f3e1000 	D:\Androidø™∑¢≥Ã–Ú\AndroidStudio\jre\bin\java.exe
0x0000000077870000 - 0x0000000077a1a000 	C:\Windows\SYSTEM32\ntdll.dll
0x0000000077430000 - 0x000000007754f000 	C:\Windows\system32\kernel32.dll
0x000007fefde20000 - 0x000007fefde8a000 	C:\Windows\system32\KERNELBASE.dll
0x000007fefe5e0000 - 0x000007fefe6bb000 	C:\Windows\system32\ADVAPI32.dll
0x000007fefe1f0000 - 0x000007fefe28f000 	C:\Windows\system32\msvcrt.dll
0x000007fefea80000 - 0x000007fefea9f000 	C:\Windows\SYSTEM32\sechost.dll
0x000007fefeab0000 - 0x000007fefebdd000 	C:\Windows\system32\RPCRT4.dll
0x0000000077770000 - 0x000000007786a000 	C:\Windows\system32\USER32.dll
0x000007fefe0a0000 - 0x000007fefe107000 	C:\Windows\system32\GDI32.dll
0x000007fefeaa0000 - 0x000007fefeaae000 	C:\Windows\system32\LPK.dll
0x000007fefe8d0000 - 0x000007fefe99a000 	C:\Windows\system32\USP10.dll
0x000007fefc3c0000 - 0x000007fefc5b4000 	C:\Windows\WinSxS\amd64_microsoft.windows.common-controls_6595b64144ccf1df_6.0.7601.18837_none_fa3b1e3d17594757\COMCTL32.dll
0x000007feffae0000 - 0x000007feffb51000 	C:\Windows\system32\SHLWAPI.dll
0x000007feffa10000 - 0x000007feffa3e000 	C:\Windows\system32\IMM32.DLL
0x000007fefe470000 - 0x000007fefe579000 	C:\Windows\system32\MSCTF.dll
0x0000000071960000 - 0x0000000071a32000 	D:\Androidø™∑¢≥Ã–Ú\AndroidStudio\jre\jre\bin\msvcr100.dll
0x000000006eb30000 - 0x000000006f36c000 	D:\Androidø™∑¢≥Ã–Ú\AndroidStudio\jre\jre\bin\server\jvm.dll
0x000007feeaa90000 - 0x000007feeaa99000 	C:\Windows\system32\WSOCK32.dll
0x000007fefea20000 - 0x000007fefea6d000 	C:\Windows\system32\WS2_32.dll
0x000007fefea70000 - 0x000007fefea78000 	C:\Windows\system32\NSI.dll
0x000007fefbc80000 - 0x000007fefbcbb000 	C:\Windows\system32\WINMM.dll
0x000007fefce10000 - 0x000007fefce1c000 	C:\Windows\system32\VERSION.dll
0x0000000077a40000 - 0x0000000077a47000 	C:\Windows\system32\PSAPI.DLL
0x000007fefafe0000 - 0x000007fefafef000 	D:\Androidø™∑¢≥Ã–Ú\AndroidStudio\jre\jre\bin\verify.dll
0x000007fefaee0000 - 0x000007fefaf09000 	D:\Androidø™∑¢≥Ã–Ú\AndroidStudio\jre\jre\bin\java.dll
0x000007fefaf20000 - 0x000007fefaf36000 	D:\Androidø™∑¢≥Ã–Ú\AndroidStudio\jre\jre\bin\zip.dll
0x000007fefec80000 - 0x000007feffa09000 	C:\Windows\system32\SHELL32.dll
0x000007fefe6c0000 - 0x000007fefe8c3000 	C:\Windows\system32\ole32.dll
0x000007fefdcd0000 - 0x000007fefdcdf000 	C:\Windows\system32\profapi.dll
0x000007fefaeb0000 - 0x000007fefaeca000 	D:\Androidø™∑¢≥Ã–Ú\AndroidStudio\jre\jre\bin\net.dll
0x000007fefd4f0000 - 0x000007fefd545000 	C:\Windows\system32\mswsock.dll
0x000007fefd750000 - 0x000007fefd757000 	C:\Windows\System32\wship6.dll
0x000007fefae90000 - 0x000007fefaea1000 	D:\Androidø™∑¢≥Ã–Ú\AndroidStudio\jre\jre\bin\nio.dll
0x000007fefa000000 - 0x000007fefa01e000 	C:\Users\Administrator\.gradle\native\23\windows-amd64\native-platform.dll
0x000007fefd700000 - 0x000007fefd718000 	C:\Windows\system32\CRYPTSP.dll
0x000007fefd240000 - 0x000007fefd287000 	C:\Windows\system32\rsaenh.dll
0x000007fefd020000 - 0x000007fefd03e000 	C:\Windows\system32\USERENV.dll
0x000007fefdbc0000 - 0x000007fefdbcf000 	C:\Windows\system32\CRYPTBASE.dll
0x000007fefb890000 - 0x000007fefb8b7000 	C:\Windows\system32\IPHLPAPI.DLL
0x000007fefb880000 - 0x000007fefb88b000 	C:\Windows\system32\WINNSI.DLL
0x000007fefb680000 - 0x000007fefb698000 	C:\Windows\system32\dhcpcsvc.DLL
0x000007fefb660000 - 0x000007fefb671000 	C:\Windows\system32\dhcpcsvc6.DLL
0x000007fefafd0000 - 0x000007fefafdd000 	D:\Androidø™∑¢≥Ã–Ú\AndroidStudio\jre\jre\bin\management.dll
0x000007fefdb60000 - 0x000007fefdbb7000 	C:\Windows\system32\apphelp.dll

VM Arguments:
jvm_args: -Xmx1536m -Dfile.encoding=GBK -Duser.country=CN -Duser.language=zh -Duser.variant 
java_command: org.gradle.launcher.daemon.bootstrap.GradleDaemon 3.3
java_class_path (initial): C:\Users\Administrator\.gradle\wrapper\dists\gradle-3.3-all\55gk2rcmfc6p2dg9u9ohc3hw9\gradle-3.3\lib\gradle-launcher-3.3.jar
Launcher Type: SUN_STANDARD

Environment Variables:
PATH=C:\ProgramData\Oracle\Java\javapath;C:\Windows\system32;C:\Windows;C:\Windows\System32\Wbem;C:\Windows\System32\WindowsPowerShell\v1.0\;D:\java\bin
USERNAME=Administrator
OS=Windows_NT
PROCESSOR_IDENTIFIER=Intel64 Family 6 Model 42 Stepping 7, GenuineIntel



---------------  S Y S T E M  ---------------

OS: Windows 7 , 64 bit Build 7601 (6.1.7601.23569)

CPU:total 4 (2 cores per cpu, 2 threads per core) family 6 model 42 stepping 7, cmov, cx8, fxsr, mmx, sse, sse2, sse3, ssse3, sse4.1, sse4.2, popcnt, avx, clmul, ht, tsc, tscinvbit

Memory: 4k page, physical 8364168k(2827828k free), swap 8362308k(5992k free)

vm_info: OpenJDK 64-Bit Server VM (25.112-b06) for windows-amd64 JRE (1.8.0_112-release-b06), built on Dec  8 2016 00:54:26 by "builder" with MS VC++ 10.0 (VS2010)

time: Sun Jul 30 22:39:56 2017
elapsed time: 29 seconds (0d 0h 0m 29s)

