#
# There is insufficient memory for the Java Runtime Environment to continue.
# Native memory allocation (malloc) failed to allocate 902256 bytes for Chunk::new
# Possible reasons:
#   The system is out of physical RAM or swap space
#   In 32 bit mode, the process size limit was hit
# Possible solutions:
#   Reduce memory load on the system
#   Increase physical memory or swap space
#   Check if swap backing store is full
#   Use 64 bit Java on a 64 bit OS
#   Decrease Java heap size (-Xmx/-Xms)
#   Decrease number of Java threads
#   Decrease Java thread stack sizes (-Xss)
#   Set larger code cache with -XX:ReservedCodeCacheSize=
# This output file may be truncated or incomplete.
#
#  Out of Memory Error (allocation.cpp:390), pid=8152, tid=0x0000000000000a64
#
# JRE version: OpenJDK Runtime Environment (8.0_112-b06) (build 1.8.0_112-release-b06)
# Java VM: OpenJDK 64-Bit Server VM (25.112-b06 mixed mode windows-amd64 compressed oops)
# Failed to write core dump. Minidumps are not enabled by default on client versions of Windows
#

---------------  T H R E A D  ---------------

Current thread (0x00000000577ae800):  JavaThread "C2 CompilerThread1" daemon [_thread_in_native, id=2660, stack(0x0000000057fa0000,0x00000000580a0000)]

Stack: [0x0000000057fa0000,0x00000000580a0000]
[error occurred during error reporting (printing stack bounds), id 0xc0000005]

Native frames: (J=compiled Java code, j=interpreted, Vv=VM code, C=native code)


Current CompileTask:
C2:16982234 29017       4       org.gradle.api.internal.DelegatingDomainObjectSet::all (11 bytes)


---------------  P R O C E S S  ---------------

Java Threads: ( => current thread )
  0x000000005e42c800 JavaThread "Stdin handler" [_thread_blocked, id=6820, stack(0x000000005adb0000,0x000000005aeb0000)]
  0x000000005e42d000 JavaThread "Asynchronous log dispatcher for DefaultDaemonConnection: socket connection from /127.0.0.1:62506 to /127.0.0.1:54010" [_thread_blocked, id=4852, stack(0x000000005d7f0000,0x000000005d8f0000)]
  0x000000005e425800 JavaThread "Cancel handler" [_thread_blocked, id=7436, stack(0x000000005abe0000,0x000000005ace0000)]
  0x000000005e422800 JavaThread "Handler for socket connection from /127.0.0.1:62506 to /127.0.0.1:54010" [_thread_in_native, id=3376, stack(0x000000005a820000,0x000000005a920000)]
  0x000000005e428000 JavaThread "Daemon worker Thread 27" [_thread_in_native, id=2040, stack(0x0000000058320000,0x0000000058420000)]
  0x000000005e42f800 JavaThread "Daemon Thread 27" [_thread_blocked, id=10236, stack(0x000000005a670000,0x000000005a770000)]
  0x000000005b4d1800 JavaThread "pool-6-thread-4" [_thread_blocked, id=3216, stack(0x000000005b110000,0x000000005b210000)]
  0x000000005b4d0000 JavaThread "pool-6-thread-3" [_thread_blocked, id=9744, stack(0x000000005edd0000,0x000000005eed0000)]
  0x000000005e429800 JavaThread "pool-6-thread-2" [_thread_blocked, id=4152, stack(0x000000005e9b0000,0x000000005eab0000)]
  0x000000005e42a000 JavaThread "pool-6-thread-1" [_thread_blocked, id=8284, stack(0x0000000062b30000,0x0000000062c30000)]
  0x000000005e422000 JavaThread "File lock request listener" [_thread_in_native, id=2684, stack(0x00000000580d0000,0x00000000581d0000)]
  0x0000000059728000 JavaThread "pool-1-thread-1" [_thread_blocked, id=7576, stack(0x000000005aa40000,0x000000005ab40000)]
  0x00000000595f6800 JavaThread "Incoming local TCP Connector on port 62506" [_thread_in_native, id=3540, stack(0x000000005a2f0000,0x000000005a3f0000)]
  0x000000005782c000 JavaThread "Service Thread" daemon [_thread_blocked, id=3748, stack(0x0000000058420000,0x0000000058520000)]
  0x00000000577af800 JavaThread "C1 CompilerThread2" daemon [_thread_blocked, id=9556, stack(0x00000000581f0000,0x00000000582f0000)]
=>0x00000000577ae800 JavaThread "C2 CompilerThread1" daemon [_thread_in_native, id=2660, stack(0x0000000057fa0000,0x00000000580a0000)]
  0x00000000577a7000 JavaThread "C2 CompilerThread0" daemon [_thread_blocked, id=744, stack(0x0000000057ba0000,0x0000000057ca0000)]
  0x00000000577a3000 JavaThread "Attach Listener" daemon [_thread_blocked, id=7432, stack(0x0000000057e50000,0x0000000057f50000)]
  0x000000005644d000 JavaThread "Signal Dispatcher" daemon [_thread_blocked, id=4148, stack(0x0000000057ca0000,0x0000000057da0000)]
  0x0000000056437000 JavaThread "Finalizer" daemon [_thread_blocked, id=9536, stack(0x0000000057690000,0x0000000057790000)]
  0x00000000563f0000 JavaThread "Reference Handler" daemon [_thread_blocked, id=828, stack(0x0000000057510000,0x0000000057610000)]
  0x00000000025de800 JavaThread "main" [_thread_blocked, id=6436, stack(0x0000000002750000,0x0000000002850000)]

Other Threads:
  0x00000000563e8000 VMThread [stack: 0x0000000057410000,0x0000000057510000] [id=6840]
  0x000000005783d800 WatcherThread [stack: 0x0000000058650000,0x0000000058750000] [id=6380]

VM state:not at safepoint (normal execution)

VM Mutex/Monitor currently owned by a thread: None

Heap:
 PSYoungGen      total 469504K, used 20424K [0x00000000e0000000, 0x00000000ffd80000, 0x0000000100000000)
  eden space 442880K, 4% used [0x00000000e0000000,0x00000000e13f2180,0x00000000fb080000)
  from space 26624K, 0% used [0x00000000fca80000,0x00000000fca80000,0x00000000fe480000)
  to   space 26624K, 0% used [0x00000000fb080000,0x00000000fb080000,0x00000000fca80000)
 ParOldGen       total 158208K, used 47218K [0x00000000a0000000, 0x00000000a9a80000, 0x00000000e0000000)
  object space 158208K, 29% used [0x00000000a0000000,0x00000000a2e1c928,0x00000000a9a80000)
 Metaspace       used 90716K, capacity 96996K, committed 98816K, reserved 1136640K
  class space    used 10797K, capacity 11473K, committed 12032K, reserved 1048576K

Card table byte_map: [0x0000000011c10000,0x0000000011f20000] byte_map_base: 0x0000000011710000

Marking Bits: (ParMarkBitMap*) 0x000000006b2c18f0
 Begin Bits: [0x0000000012760000, 0x0000000013f60000)
 End Bits:   [0x0000000013f60000, 0x0000000015760000)

Polling page: 0x0000000000130000

CodeCache: size=245760Kb used=80635Kb max_used=80651Kb free=165124Kb
 bounds [0x0000000002850000, 0x0000000007790000, 0x0000000011850000]
 total_blobs=22065 nmethods=21227 adapters=748
 compilation: enabled

Compilation events (10 events):
Event: 16977.042 Thread 0x00000000577af800 nmethod 29038 0x0000000007782550 code [0x00000000077826c0, 0x00000000077828a8]
Event: 16977.042 Thread 0x00000000577af800 29039       2       com.google.common.collect.MapMakerInternalMap$Segment::newEntry (15 bytes)
Event: 16977.042 Thread 0x00000000577af800 nmethod 29039 0x00000000077829d0 code [0x0000000007782b40, 0x0000000007782ce8]
Event: 16977.042 Thread 0x00000000577af800 29037       2       com.google.common.collect.MapMakerInternalMap$Segment::preWriteCleanup (5 bytes)
Event: 16977.042 Thread 0x00000000577af800 nmethod 29037 0x000000000775ebd0 code [0x000000000775ed40, 0x000000000775eea8]
Event: 16977.046 Thread 0x00000000577a7000 nmethod 29018 0x0000000007787110 code [0x00000000077873a0, 0x0000000007788a38]
Event: 16977.047 Thread 0x00000000577a7000 29033       4       java.util.ArrayList::spliterator (12 bytes)
Event: 16977.048 Thread 0x00000000577a7000 nmethod 29033 0x0000000007784150 code [0x00000000077842a0, 0x0000000007784378]
Event: 16977.048 Thread 0x00000000577a7000 29020       4       java.net.URI::access$1002 (7 bytes)
Event: 16977.049 Thread 0x00000000577a7000 nmethod 29020 0x0000000006b57210 code [0x0000000006b57340, 0x0000000006b573b8]

GC Heap History (10 events):
Event: 16922.001 GC heap before
{Heap before GC invocations=76 (full 3):
 PSYoungGen      total 432640K, used 432416K [0x00000000e0000000, 0x00000000fdd00000, 0x0000000100000000)
  eden space 415232K, 100% used [0x00000000e0000000,0x00000000f9580000,0x00000000f9580000)
  from space 17408K, 98% used [0x00000000fcc00000,0x00000000fdcc8100,0x00000000fdd00000)
  to   space 26624K, 0% used [0x00000000fa900000,0x00000000fa900000,0x00000000fc300000)
 ParOldGen       total 140288K, used 89122K [0x00000000a0000000, 0x00000000a8900000, 0x00000000e0000000)
  object space 140288K, 63% used [0x00000000a0000000,0x00000000a5708a10,0x00000000a8900000)
 Metaspace       used 89370K, capacity 96188K, committed 96512K, reserved 1134592K
  class space    used 10806K, capacity 11683K, committed 11776K, reserved 1048576K
Event: 16922.019 GC heap after
Heap after GC invocations=76 (full 3):
 PSYoungGen      total 407040K, used 7688K [0x00000000e0000000, 0x00000000fcc80000, 0x0000000100000000)
  eden space 398848K, 0% used [0x00000000e0000000,0x00000000e0000000,0x00000000f8580000)
  from space 8192K, 93% used [0x00000000fa900000,0x00000000fb082218,0x00000000fb100000)
  to   space 26624K, 0% used [0x00000000fb280000,0x00000000fb280000,0x00000000fcc80000)
 ParOldGen       total 140288K, used 89130K [0x00000000a0000000, 0x00000000a8900000, 0x00000000e0000000)
  object space 140288K, 63% used [0x00000000a0000000,0x00000000a570aa10,0x00000000a8900000)
 Metaspace       used 89370K, capacity 96188K, committed 96512K, reserved 1134592K
  class space    used 10806K, capacity 11683K, committed 11776K, reserved 1048576K
}
Event: 16928.007 GC heap before
{Heap before GC invocations=77 (full 3):
 PSYoungGen      total 407040K, used 406289K [0x00000000e0000000, 0x00000000fcc80000, 0x0000000100000000)
  eden space 398848K, 99% used [0x00000000e0000000,0x00000000f85422e0,0x00000000f8580000)
  from space 8192K, 93% used [0x00000000fa900000,0x00000000fb082218,0x00000000fb100000)
  to   space 26624K, 0% used [0x00000000fb280000,0x00000000fb280000,0x00000000fcc80000)
 ParOldGen       total 140288K, used 89130K [0x00000000a0000000, 0x00000000a8900000, 0x00000000e0000000)
  object space 140288K, 63% used [0x00000000a0000000,0x00000000a570aa10,0x00000000a8900000)
 Metaspace       used 89382K, capacity 96188K, committed 96512K, reserved 1134592K
  class space    used 10806K, capacity 11683K, committed 11776K, reserved 1048576K
Event: 16928.028 GC heap after
Heap after GC invocations=77 (full 3):
 PSYoungGen      total 402432K, used 19321K [0x00000000e0000000, 0x00000000fc580000, 0x0000000100000000)
  eden space 382976K, 0% used [0x00000000e0000000,0x00000000e0000000,0x00000000f7600000)
  from space 19456K, 99% used [0x00000000fb280000,0x00000000fc55e648,0x00000000fc580000)
  to   space 27648K, 0% used [0x00000000f8f80000,0x00000000f8f80000,0x00000000faa80000)
 ParOldGen       total 140288K, used 89130K [0x00000000a0000000, 0x00000000a8900000, 0x00000000e0000000)
  object space 140288K, 63% used [0x00000000a0000000,0x00000000a570aa10,0x00000000a8900000)
 Metaspace       used 89382K, capacity 96188K, committed 96512K, reserved 1134592K
  class space    used 10806K, capacity 11683K, committed 11776K, reserved 1048576K
}
Event: 16928.075 GC heap before
{Heap before GC invocations=78 (full 3):
 PSYoungGen      total 402432K, used 402260K [0x00000000e0000000, 0x00000000fc580000, 0x0000000100000000)
  eden space 382976K, 99% used [0x00000000e0000000,0x00000000f75f6d40,0x00000000f7600000)
  from space 19456K, 99% used [0x00000000fb280000,0x00000000fc55e648,0x00000000fc580000)
  to   space 27648K, 0% used [0x00000000f8f80000,0x00000000f8f80000,0x00000000faa80000)
 ParOldGen       total 140288K, used 89130K [0x00000000a0000000, 0x00000000a8900000, 0x00000000e0000000)
  object space 140288K, 63% used [0x00000000a0000000,0x00000000a570aa10,0x00000000a8900000)
 Metaspace       used 89383K, capacity 96188K, committed 96512K, reserved 1134592K
  class space    used 10806K, capacity 11683K, committed 11776K, reserved 1048576K
Event: 16928.088 GC heap after
Heap after GC invocations=78 (full 3):
 PSYoungGen      total 436736K, used 10138K [0x00000000e0000000, 0x00000000fe480000, 0x0000000100000000)
  eden space 409088K, 0% used [0x00000000e0000000,0x00000000e0000000,0x00000000f8f80000)
  from space 27648K, 36% used [0x00000000f8f80000,0x00000000f9966aa0,0x00000000faa80000)
  to   space 26624K, 0% used [0x00000000fca80000,0x00000000fca80000,0x00000000fe480000)
 ParOldGen       total 140288K, used 89130K [0x00000000a0000000, 0x00000000a8900000, 0x00000000e0000000)
  object space 140288K, 63% used [0x00000000a0000000,0x00000000a570aa10,0x00000000a8900000)
 Metaspace       used 89383K, capacity 96188K, committed 96512K, reserved 1134592K
  class space    used 10806K, capacity 11683K, committed 11776K, reserved 1048576K
}
Event: 16975.945 GC heap before
{Heap before GC invocations=79 (full 3):
 PSYoungGen      total 436736K, used 235314K [0x00000000e0000000, 0x00000000fe480000, 0x0000000100000000)
  eden space 409088K, 55% used [0x00000000e0000000,0x00000000edbe5e20,0x00000000f8f80000)
  from space 27648K, 36% used [0x00000000f8f80000,0x00000000f9966aa0,0x00000000faa80000)
  to   space 26624K, 0% used [0x00000000fca80000,0x00000000fca80000,0x00000000fe480000)
 ParOldGen       total 140288K, used 89130K [0x00000000a0000000, 0x00000000a8900000, 0x00000000e0000000)
  object space 140288K, 63% used [0x00000000a0000000,0x00000000a570aa10,0x00000000a8900000)
 Metaspace       used 91514K, capacity 98426K, committed 98560K, reserved 1136640K
  class space    used 11048K, capacity 11916K, committed 12032K, reserved 1048576K
Event: 16975.954 GC heap after
Heap after GC invocations=79 (full 3):
 PSYoungGen      total 469504K, used 4679K [0x00000000e0000000, 0x00000000ffd80000, 0x0000000100000000)
  eden space 442880K, 0% used [0x00000000e0000000,0x00000000e0000000,0x00000000fb080000)
  from space 26624K, 17% used [0x00000000fca80000,0x00000000fcf11ec0,0x00000000fe480000)
  to   space 26624K, 0% used [0x00000000fb080000,0x00000000fb080000,0x00000000fca80000)
 ParOldGen       total 140288K, used 89178K [0x00000000a0000000, 0x00000000a8900000, 0x00000000e0000000)
  object space 140288K, 63% used [0x00000000a0000000,0x00000000a5716a10,0x00000000a8900000)
 Metaspace       used 91514K, capacity 98426K, committed 98560K, reserved 1136640K
  class space    used 11048K, capacity 11916K, committed 12032K, reserved 1048576K
}
Event: 16975.955 GC heap before
{Heap before GC invocations=80 (full 4):
 PSYoungGen      total 469504K, used 4679K [0x00000000e0000000, 0x00000000ffd80000, 0x0000000100000000)
  eden space 442880K, 0% used [0x00000000e0000000,0x00000000e0000000,0x00000000fb080000)
  from space 26624K, 17% used [0x00000000fca80000,0x00000000fcf11ec0,0x00000000fe480000)
  to   space 26624K, 0% used [0x00000000fb080000,0x00000000fb080000,0x00000000fca80000)
 ParOldGen       total 140288K, used 89178K [0x00000000a0000000, 0x00000000a8900000, 0x00000000e0000000)
  object space 140288K, 63% used [0x00000000a0000000,0x00000000a5716a10,0x00000000a8900000)
 Metaspace       used 91514K, capacity 98426K, committed 98560K, reserved 1136640K
  class space    used 11048K, capacity 11916K, committed 12032K, reserved 1048576K
Event: 16976.371 GC heap after
Heap after GC invocations=80 (full 4):
 PSYoungGen      total 469504K, used 0K [0x00000000e0000000, 0x00000000ffd80000, 0x0000000100000000)
  eden space 442880K, 0% used [0x00000000e0000000,0x00000000e0000000,0x00000000fb080000)
  from space 26624K, 0% used [0x00000000fca80000,0x00000000fca80000,0x00000000fe480000)
  to   space 26624K, 0% used [0x00000000fb080000,0x00000000fb080000,0x00000000fca80000)
 ParOldGen       total 158208K, used 47218K [0x00000000a0000000, 0x00000000a9a80000, 0x00000000e0000000)
  object space 158208K, 29% used [0x00000000a0000000,0x00000000a2e1c928,0x00000000a9a80000)
 Metaspace       used 90127K, capacity 96270K, committed 98560K, reserved 1136640K
  class space    used 10737K, capacity 11424K, committed 12032K, reserved 1048576K
}

Deoptimization events (10 events):
Event: 16976.447 Thread 0x000000005e428000 Uncommon trap: reason=unstable_if action=reinterpret pc=0x0000000003b54f94 method=java.io.WinNTFileSystem.prefixLength(Ljava/lang/String;)I @ 42
Event: 16976.473 Thread 0x000000005e428000 Uncommon trap: reason=unstable_if action=reinterpret pc=0x0000000004f3fa2c method=groovyjarjarasm.asm.ByteVector.putUTF8(Ljava/lang/String;)Lgroovyjarjarasm/asm/ByteVector; @ 98
Event: 16976.538 Thread 0x000000005e428000 Uncommon trap: reason=unstable_if action=reinterpret pc=0x000000000390e894 method=java.lang.ref.SoftReference.get()Ljava/lang/Object; @ 6
Event: 16976.540 Thread 0x000000005e428000 Uncommon trap: reason=unstable_if action=reinterpret pc=0x0000000002f99ae4 method=java.lang.ref.SoftReference.get()Ljava/lang/Object; @ 6
Event: 16976.544 Thread 0x000000005e428000 Uncommon trap: reason=unstable_if action=reinterpret pc=0x0000000003b1e9d8 method=java.lang.ref.SoftReference.get()Ljava/lang/Object; @ 6
Event: 16976.544 Thread 0x000000005e428000 Uncommon trap: reason=unstable_if action=reinterpret pc=0x00000000036e88e8 method=java.lang.ref.SoftReference.get()Ljava/lang/Object; @ 6
Event: 16976.551 Thread 0x000000005e428000 Uncommon trap: reason=unstable_if action=reinterpret pc=0x00000000041c2034 method=com.google.common.collect.MapMakerInternalMap$Segment.put(Ljava/lang/Object;ILjava/lang/Object;Z)Ljava/lang/Object; @ 92
Event: 16976.556 Thread 0x000000005e428000 Uncommon trap: reason=unstable_if action=reinterpret pc=0x000000000532f968 method=java.io.ObjectStreamClass.processQueue(Ljava/lang/ref/ReferenceQueue;Ljava/util/concurrent/ConcurrentMap;)V @ 6
Event: 16976.558 Thread 0x000000005e428000 Uncommon trap: reason=unstable_if action=reinterpret pc=0x0000000006792f0c method=sun.util.locale.provider.LocaleResources.removeEmptyReferences()V @ 9
Event: 16976.635 Thread 0x000000005e428000 Uncommon trap: reason=unstable_if action=reinterpret pc=0x0000000003980998 method=java.lang.ref.SoftReference.get()Ljava/lang/Object; @ 6

Internal exceptions (10 events):
Event: 16976.799 Thread 0x000000005e428000 Exception <a 'sun/nio/fs/WindowsException'> (0x00000000e0960df0) thrown at [C:\src\android\AOSP-openjdk\external\jetbrains\jdk\hotspot\src\share\vm\prims\jni.cpp, line 709]
Event: 16976.799 Thread 0x000000005e428000 Exception <a 'sun/nio/fs/WindowsException'> (0x00000000e09619f0) thrown at [C:\src\android\AOSP-openjdk\external\jetbrains\jdk\hotspot\src\share\vm\prims\jni.cpp, line 709]
Event: 16976.799 Thread 0x000000005e428000 Exception <a 'sun/nio/fs/WindowsException'> (0x00000000e0964300) thrown at [C:\src\android\AOSP-openjdk\external\jetbrains\jdk\hotspot\src\share\vm\prims\jni.cpp, line 709]
Event: 16976.799 Thread 0x000000005e428000 Exception <a 'sun/nio/fs/WindowsException'> (0x00000000e0964f30) thrown at [C:\src\android\AOSP-openjdk\external\jetbrains\jdk\hotspot\src\share\vm\prims\jni.cpp, line 709]
Event: 16976.799 Thread 0x000000005e428000 Exception <a 'sun/nio/fs/WindowsException'> (0x00000000e0966b98) thrown at [C:\src\android\AOSP-openjdk\external\jetbrains\jdk\hotspot\src\share\vm\prims\jni.cpp, line 709]
Event: 16976.799 Thread 0x000000005e428000 Exception <a 'sun/nio/fs/WindowsException'> (0x00000000e0967808) thrown at [C:\src\android\AOSP-openjdk\external\jetbrains\jdk\hotspot\src\share\vm\prims\jni.cpp, line 709]
Event: 16976.799 Thread 0x000000005e428000 Exception <a 'sun/nio/fs/WindowsException'> (0x00000000e096a2a8) thrown at [C:\src\android\AOSP-openjdk\external\jetbrains\jdk\hotspot\src\share\vm\prims\jni.cpp, line 709]
Event: 16976.799 Thread 0x000000005e428000 Exception <a 'sun/nio/fs/WindowsException'> (0x00000000e096af50) thrown at [C:\src\android\AOSP-openjdk\external\jetbrains\jdk\hotspot\src\share\vm\prims\jni.cpp, line 709]
Event: 16976.799 Thread 0x000000005e428000 Exception <a 'sun/nio/fs/WindowsException'> (0x00000000e096cc30) thrown at [C:\src\android\AOSP-openjdk\external\jetbrains\jdk\hotspot\src\share\vm\prims\jni.cpp, line 709]
Event: 16976.800 Thread 0x000000005e428000 Exception <a 'sun/nio/fs/WindowsException'> (0x00000000e096d918) thrown at [C:\src\android\AOSP-openjdk\external\jetbrains\jdk\hotspot\src\share\vm\prims\jni.cpp, line 709]

Events (10 events):
Event: 16976.644 loading class build_a4816cwimwh3wfcb2fr839qey$_run_closure1BeanInfo
Event: 16976.644 loading class build_a4816cwimwh3wfcb2fr839qey$_run_closure1BeanInfo done
Event: 16976.645 loading class build_a4816cwimwh3wfcb2fr839qey$_run_closure1Customizer
Event: 16976.645 loading class build_a4816cwimwh3wfcb2fr839qey$_run_closure1Customizer done
Event: 16976.647 loading class groovy/runtime/metaclass/build_a4816cwimwh3wfcb2fr839qey$_run_closure2MetaClass
Event: 16976.647 loading class groovy/runtime/metaclass/build_a4816cwimwh3wfcb2fr839qey$_run_closure2MetaClass done
Event: 16976.649 loading class groovy/runtime/metaclass/build_a4816cwimwh3wfcb2fr839qey$_run_closure2$_closure6MetaClass
Event: 16976.649 loading class groovy/runtime/metaclass/build_a4816cwimwh3wfcb2fr839qey$_run_closure2$_closure6MetaClass done
Event: 16976.846 Executing VM operation: ForceSafepoint
Event: 16976.847 Executing VM operation: ForceSafepoint done


Dynamic libraries:
0x000000013f290000 - 0x000000013f2c1000 	D:\Android开发程序\AndroidStudio\jre\bin\java.exe
0x0000000077900000 - 0x0000000077aaa000 	C:\Windows\SYSTEM32\ntdll.dll
0x0000000077460000 - 0x000000007757f000 	C:\Windows\system32\kernel32.dll
0x000007fefde10000 - 0x000007fefde7a000 	C:\Windows\system32\KERNELBASE.dll
0x000007feffaa0000 - 0x000007feffb7b000 	C:\Windows\system32\ADVAPI32.dll
0x000007feff690000 - 0x000007feff72f000 	C:\Windows\system32\msvcrt.dll
0x000007fefe130000 - 0x000007fefe14f000 	C:\Windows\SYSTEM32\sechost.dll
0x000007feff760000 - 0x000007feff88d000 	C:\Windows\system32\RPCRT4.dll
0x0000000077360000 - 0x000000007745a000 	C:\Windows\system32\USER32.dll
0x000007fefe870000 - 0x000007fefe8d7000 	C:\Windows\system32\GDI32.dll
0x000007feffc00000 - 0x000007feffc0e000 	C:\Windows\system32\LPK.dll
0x000007fefe1b0000 - 0x000007fefe27a000 	C:\Windows\system32\USP10.dll
0x000007fefbf40000 - 0x000007fefc134000 	C:\Windows\WinSxS\amd64_microsoft.windows.common-controls_6595b64144ccf1df_6.0.7601.18837_none_fa3b1e3d17594757\COMCTL32.dll
0x000007feffb80000 - 0x000007feffbf1000 	C:\Windows\system32\SHLWAPI.dll
0x000007feff730000 - 0x000007feff75e000 	C:\Windows\system32\IMM32.DLL
0x000007fefe670000 - 0x000007fefe779000 	C:\Windows\system32\MSCTF.dll
0x00000000690d0000 - 0x00000000691a2000 	D:\Android开发程序\AndroidStudio\jre\jre\bin\msvcr100.dll
0x000000006ab00000 - 0x000000006b33c000 	D:\Android开发程序\AndroidStudio\jre\jre\bin\server\jvm.dll
0x000007feeaa50000 - 0x000007feeaa59000 	C:\Windows\system32\WSOCK32.dll
0x000007fefe320000 - 0x000007fefe36d000 	C:\Windows\system32\WS2_32.dll
0x000007fefe780000 - 0x000007fefe788000 	C:\Windows\system32\NSI.dll
0x000007fefba70000 - 0x000007fefbaab000 	C:\Windows\system32\WINMM.dll
0x000007fefce70000 - 0x000007fefce7c000 	C:\Windows\system32\VERSION.dll
0x0000000077ac0000 - 0x0000000077ac7000 	C:\Windows\system32\PSAPI.DLL
0x000007fefb5f0000 - 0x000007fefb5ff000 	D:\Android开发程序\AndroidStudio\jre\jre\bin\verify.dll
0x000007feeff40000 - 0x000007feeff69000 	D:\Android开发程序\AndroidStudio\jre\jre\bin\java.dll
0x000007fef0fa0000 - 0x000007fef0fb6000 	D:\Android开发程序\AndroidStudio\jre\jre\bin\zip.dll
0x000007fefe900000 - 0x000007feff689000 	C:\Windows\system32\SHELL32.dll
0x000007feff890000 - 0x000007feffa93000 	C:\Windows\system32\ole32.dll
0x000007fefdd60000 - 0x000007fefdd6f000 	C:\Windows\system32\profapi.dll
0x000007fef0f80000 - 0x000007fef0f9a000 	D:\Android开发程序\AndroidStudio\jre\jre\bin\net.dll
0x000007fefd5d0000 - 0x000007fefd625000 	C:\Windows\system32\mswsock.dll
0x000007fefd5c0000 - 0x000007fefd5c7000 	C:\Windows\System32\wship6.dll
0x000007fef03b0000 - 0x000007fef03c1000 	D:\Android开发程序\AndroidStudio\jre\jre\bin\nio.dll
0x000007feeff00000 - 0x000007feeff1e000 	C:\Users\Administrator\.gradle\native\23\windows-amd64\native-platform.dll
0x000007fefd630000 - 0x000007fefd648000 	C:\Windows\system32\CRYPTSP.dll
0x000007fefd2f0000 - 0x000007fefd337000 	C:\Windows\system32\rsaenh.dll
0x000007fefd0b0000 - 0x000007fefd0ce000 	C:\Windows\system32\USERENV.dll
0x000007fefdc90000 - 0x000007fefdc9f000 	C:\Windows\system32\CRYPTBASE.dll
0x000007fefc720000 - 0x000007fefc747000 	C:\Windows\system32\IPHLPAPI.DLL
0x000007fefc710000 - 0x000007fefc71b000 	C:\Windows\system32\WINNSI.DLL
0x000007fefc160000 - 0x000007fefc178000 	C:\Windows\system32\dhcpcsvc.DLL
0x000007fefc140000 - 0x000007fefc151000 	C:\Windows\system32\dhcpcsvc6.DLL
0x000007fefac10000 - 0x000007fefac1d000 	D:\Android开发程序\AndroidStudio\jre\jre\bin\management.dll
0x000007fefdc30000 - 0x000007fefdc87000 	C:\Windows\system32\apphelp.dll

VM Arguments:
jvm_args: -Xmx1536m -Dfile.encoding=GBK -Duser.country=CN -Duser.language=zh -Duser.variant 
java_command: org.gradle.launcher.daemon.bootstrap.GradleDaemon 3.3
java_class_path (initial): C:\Users\Administrator\.gradle\wrapper\dists\gradle-3.3-all\55gk2rcmfc6p2dg9u9ohc3hw9\gradle-3.3\lib\gradle-launcher-3.3.jar
Launcher Type: SUN_STANDARD

Environment Variables:
PATH=C:\ProgramData\Oracle\Java\javapath;C:\Windows\system32;C:\Windows;C:\Windows\System32\Wbem;C:\Windows\System32\WindowsPowerShell\v1.0\;D:\java\bin
USERNAME=Administrator
OS=Windows_NT
PROCESSOR_IDENTIFIER=Intel64 Family 6 Model 42 Stepping 7, GenuineIntel



---------------  S Y S T E M  ---------------

OS: Windows 7 , 64 bit Build 7601 (6.1.7601.23569)

CPU:total 4 (2 cores per cpu, 2 threads per core) family 6 model 42 stepping 7, cmov, cx8, fxsr, mmx, sse, sse2, sse3, ssse3, sse4.1, sse4.2, popcnt, avx, clmul, ht, tsc, tscinvbit

Memory: 4k page, physical 8364168k(2006396k free), swap 8362308k(15656k free)

vm_info: OpenJDK 64-Bit Server VM (25.112-b06) for windows-amd64 JRE (1.8.0_112-release-b06), built on Dec  8 2016 00:54:26 by "builder" with MS VC++ 10.0 (VS2010)

time: Tue Jul 25 21:37:36 2017
elapsed time: 16977 seconds (0d 4h 42m 57s)

